#Build log:

File /opt/Development/workspace/adempiere_370/migration/360lts-370lts/postgresql/738_AddZoomToUsedIn.sql status 0
File /opt/Development/workspace/adempiere_370/migration/360lts-370lts/postgresql/739_FR3016592_SpecifySelectionColumns.sql status 0
File /opt/Development/workspace/adempiere_370/migration/360lts-370lts/postgresql/740_FixReleaseNoLength.sql status 0
File /opt/Development/workspace/adempiere_370/migration/360lts-370lts/postgresql/741_FR3015882_CopyProduct.sql status 0
File /opt/Development/workspace/adempiere_370/migration/360lts-370lts/postgresql/742_BF3010957.sql status 0
File /opt/Development/workspace/adempiere_370/migration/360lts-370lts/postgresql/743_FixCaptureSequenceBrazil.sql status 0
File /opt/Development/workspace/adempiere_370/migration/360lts-370lts/postgresql/744_BF3018013_FixSystemColorWindow.sql status 0
File /opt/Development/workspace/adempiere_370/migration/360lts-370lts/postgresql/745_FR3018857_ImporterInventoryMove.sql status 0
File /opt/Development/workspace/adempiere_370/migration/360lts-370lts/postgresql/745_placeholder.sql status 0
File /opt/Development/workspace/adempiere_370/migration/360lts-370lts/postgresql/746_FR3051618_ImproveListView.sql status 0
File /opt/Development/workspace/adempiere_370/migration/360lts-370lts/postgresql/747_FR3051618_ImproveListView.sql status 0
File /opt/Development/workspace/adempiere_370/migration/360lts-370lts/postgresql/748_placeholder.sql status 0
File /opt/Development/workspace/adempiere_370/migration/360lts-370lts/postgresql/749_BF3075201_PP_RV_MRP.sql status 0
File /opt/Development/workspace/adempiere_370/migration/360lts-370lts/postgresql/750_BF3016214_PrintMO.sql status 0
File /opt/Development/workspace/adempiere_370/migration/360lts-370lts/postgresql/751_BF3078288_ChargeMadatoryInPayroll.sql status 0
File /opt/Development/workspace/adempiere_370/migration/360lts-370lts/postgresql/752_BF3078288_FixWorkflowView.sql status 0
File /opt/Development/workspace/adempiere_370/migration/360lts-370lts/postgresql/753_placeholder.sql status 0
File /opt/Development/workspace/adempiere_370/migration/360lts-370lts/postgresql/754_TranslateDashboardTitles.sql status 0
File /opt/Development/workspace/adempiere_370/migration/360lts-370lts/postgresql/755_BF3063575.sql status 0
File /opt/Development/workspace/adempiere_370/migration/360lts-370lts/postgresql/756a_FR3039241_RussianRegions.sql status 0
File /opt/Development/workspace/adempiere_370/migration/360lts-370lts/postgresql/756b_FR3039241_RussianRegionsFix.sql status 0
File /opt/Development/workspace/adempiere_370/migration/360lts-370lts/postgresql/757_BF3090030_PayrollDictionaryFixes.sql status 0
File /opt/Development/workspace/adempiere_370/migration/360lts-370lts/postgresql/758_FR2878276_ImportPayroll.sql status 0
File /opt/Development/workspace/adempiere_370/migration/360lts-370lts/postgresql/759_FR3091105_adOrgInfoFields.sql status 0
File /opt/Development/workspace/adempiere_370/migration/360lts-370lts/postgresql/760_BF3094982_ChangeColumns.sql status 0
File /opt/Development/workspace/adempiere_370/migration/360lts-370lts/postgresql/761_RF3102358_ImportBOM.sql status 0
File /opt/Development/workspace/adempiere_370/migration/360lts-370lts/postgresql/762_BF3105761_FixOrderLineTaxVT.sql status 0
File /opt/Development/workspace/adempiere_370/migration/360lts-370lts/postgresql/763_BF3105789_Adv_Zoom.sql status 0
File /opt/Development/workspace/adempiere_370/migration/360lts-370lts/postgresql/764_BF3105798_FixWrongEntityTypes.sql status 0
File /opt/Development/workspace/adempiere_370/migration/360lts-370lts/postgresql/765_OpenByDefault.sql status 0
File /opt/Development/workspace/adempiere_370/migration/360lts-370lts/postgresql/766_FR3090719.sql status 0
File /opt/Development/workspace/adempiere_370/migration/360lts-370lts/postgresql/767_ZK_RootFolder_postgresql.sql status 0
File /opt/Development/workspace/adempiere_370/migration/360lts-370lts/postgresql/768_FR3115078_BOM_for_Resource.sql status 0
File /opt/Development/workspace/adempiere_370/migration/360lts-370lts/postgresql/769_FR3102358_ImportBOM.sql status 0
File /opt/Development/workspace/adempiere_370/migration/360lts-370lts/postgresql/770_BF3137399_DateTimeforParameter.sql status 0
File /opt/Development/workspace/adempiere_370/migration/360lts-370lts/postgresql/771_FR3148780_CRP.sql status 0
File /opt/Development/workspace/adempiere_370/migration/360lts-370lts/postgresql/772_747_FixAccountNames.sql status 0
File /opt/Development/workspace/adempiere_370/migration/360lts-370lts/postgresql/773_748_BF3110938.sql status 0
File /opt/Development/workspace/adempiere_370/migration/360lts-370lts/postgresql/774_749_BF3116131.sql status 0
File /opt/Development/workspace/adempiere_370/migration/360lts-370lts/postgresql/775_750_BF2904321.sql status 0
File /opt/Development/workspace/adempiere_370/migration/360lts-370lts/postgresql/776_753_FixTypoInDemoData.sql status 0
File /opt/Development/workspace/adempiere_370/migration/360lts-370lts/postgresql/777_756_EnableVendorBreakForSales.sql status 0
File /opt/Development/workspace/adempiere_370/migration/360lts-370lts/postgresql/778_757_FR3132033.sql status 0
File /opt/Development/workspace/adempiere_370/migration/360lts-370lts/postgresql/779_758_FR3132075.sql status 0
File /opt/Development/workspace/adempiere_370/migration/360lts-370lts/postgresql/780_761_FixClearMessage.sql status 0
File /opt/Development/workspace/adempiere_370/migration/360lts-370lts/postgresql/781_762_Fix1913092.sql status 0
File /opt/Development/workspace/adempiere_370/migration/360lts-370lts/postgresql/782_763_ScheduleWithRecordID.sql status 0
File /opt/Development/workspace/adempiere_370/migration/360lts-370lts/postgresql/783_764_TranslateZkReportViewer.sql status 0
File /opt/Development/workspace/adempiere_370/migration/360lts-370lts/postgresql/784_765_FixZkMessage.sql status 0
File /opt/Development/workspace/adempiere_370/migration/360lts-370lts/postgresql/785_767_FR3016592_SpecifySelectionColumns.sql status 0
File /opt/Development/workspace/adempiere_370/migration/360lts-370lts/postgresql/786_772_BF3139066.sql status 0
File /opt/Development/workspace/adempiere_370/migration/360lts-370lts/postgresql/787_776_103_BF1713137.sql status 0
File /opt/Development/workspace/adempiere_370/migration/360lts-370lts/postgresql/788_777_FR1782412_WrongColumnType.sql status 0
File /opt/Development/workspace/adempiere_370/migration/360lts-370lts/postgresql/789_778_FR2052471.sql status 0
File /opt/Development/workspace/adempiere_370/migration/360lts-370lts/postgresql/790_779_FR3159054_2011PeriodsGW.sql status 0
File /opt/Development/workspace/adempiere_370/migration/360lts-370lts/postgresql/791_BF3214377_FixFirstOf.sql status 0
File /opt/Development/workspace/adempiere_370/migration/360lts-370lts/postgresql/792_780_BF2866216_drop_c_allocationline_posted.sql status 0
File /opt/Development/workspace/adempiere_370/migration/360lts-370lts/postgresql/793_BF3215137_FixCostCollector.sql status 0
File /opt/Development/workspace/adempiere_370/migration/360lts-370lts/postgresql/794_781_FR2851987LogoInPaySelectionCheck.sql status 0
File /opt/Development/workspace/adempiere_370/migration/360lts-370lts/postgresql/795_782_AddColumnsPaySelectionCheck.sql status 0
File /opt/Development/workspace/adempiere_370/migration/360lts-370lts/postgresql/796_780_761_FixClearMessage.sql status 0
File /opt/Development/workspace/adempiere_370/migration/360lts-370lts/postgresql/797_BF3308611_RequieredToRequired.sql status 0
File /opt/Development/workspace/adempiere_370/migration/360lts-370lts/postgresql/798_BF3308678_FixQtyEntered.sql status 0
File /opt/Development/workspace/adempiere_370/migration/360lts-370lts/postgresql/799_BF3075201_Synchronize_RV_PP_MRP.sql status 0
File /opt/Development/workspace/adempiere_370/migration/360lts-370lts/postgresql/800_BF3387349FixScript780_761.sql status 0
File /opt/Development/workspace/adempiere_370/migration/360lts-370lts/postgresql/801_BFIncludeRV_PP_Order_Workflow.sql status 0
File /opt/Development/workspace/adempiere_370/migration/360lts-370lts/postgresql/802_FR2979756_JavaPOS.sql status 0
File /opt/Development/workspace/adempiere_370/migration/360lts-370lts/postgresql/803_FR2979756_JavaPOS.sql status 0
File /opt/Development/workspace/adempiere_370/migration/360lts-370lts/postgresql/804_FR2979756_JavaPOS.sql status 0
File /opt/Development/workspace/adempiere_370/migration/360lts-370lts/postgresql/805_FK_POS_BF2975308_FR2979756.sql status 0
File /opt/Development/workspace/adempiere_370/migration/360lts-370lts/postgresql/806_FR_NewSpanishTranslation.sql status 0
File /opt/Development/workspace/adempiere_370/migration/360lts-370lts/postgresql/807_CheckSequence370.sql status 0
File /opt/Development/workspace/adempiere_370/migration/360lts-370lts/postgresql/808_Version.sql status 0
